00:47:42 [types] Generated 435ms
00:47:42 [build] output: "static"
00:47:42 [build] directory: C:\Users\sasis\344dev\cho-hama\dist\
00:47:42 [build] Collecting build info...
00:47:42 [build] 笨・Completed in 528ms.
00:47:42 [build] Building static entrypoints...
00:47:45 [vite] [32m笨・built in 2.80s[39m
00:47:45 [build] 笨・Completed in 2.85s.

 building client (vite) 
00:47:45 [vite] transforming...
00:47:45 [vite] [32m笨・[39m 18 modules transformed.
00:47:45 [vite] rendering chunks...
00:47:45 [vite] computing gzip size...
00:47:45 [vite] [2mdist/[22m[36m_astro/hoisted.BGfjo5mV.js           [39m[1m[2m 0.13 kB[22m[1m[22m[2m 笏・gzip:  0.14 kB[22m
00:47:45 [vite] [2mdist/[22m[36m_astro/hoisted.fOzBosgT.js           [39m[1m[2m 0.41 kB[22m[1m[22m[2m 笏・gzip:  0.28 kB[22m
00:47:45 [vite] [2mdist/[22m[36m_astro/Search.B8dNdINM.js            [39m[1m[2m 1.22 kB[22m[1m[22m[2m 笏・gzip:  0.71 kB[22m
00:47:45 [vite] [2mdist/[22m[36m_astro/SearchCollection.BxR_Ll53.js  [39m[1m[2m 4.15 kB[22m[1m[22m[2m 笏・gzip:  1.83 kB[22m
00:47:45 [vite] [2mdist/[22m[36m_astro/client.CeSzJwJE.js            [39m[1m[2m 5.61 kB[22m[1m[22m[2m 笏・gzip:  2.44 kB[22m
00:47:45 [vite] [2mdist/[22m[36m_astro/web.Dif7ZY8T.js               [39m[1m[2m13.66 kB[22m[1m[22m[2m 笏・gzip:  5.56 kB[22m
00:47:45 [vite] [2mdist/[22m[36m_astro/SearchBar.B14QL3mn.js         [39m[1m[2m42.04 kB[22m[1m[22m[2m 笏・gzip: 14.73 kB[22m
00:47:45 [vite] [32m笨・built in 339ms[39m

 generating static routes 
00:47:46 笆ｶ src/pages/blog/index.astro
00:47:46   笏披楳 /blog/index.html (+65ms)
00:47:46 笆ｶ src/pages/blog/[...slug].astro
00:47:46   笏懌楳 /blog/family-car-fishing-points/index.html (+11ms)
00:47:46   笏懌楳 /blog/hamanako-sabiki-best-season/index.html (+15ms)
00:47:46   笏懌楳 /blog/bachinuke-season-forecast-2026/index.html (+15ms)
00:47:46   笏懌楳 /blog/points/naka/arai-nakanogo/index.html (+9ms)
00:47:46   笏懌楳 /blog/points/naka/hamayu-ohashi/index.html (+7ms)
00:47:46   笏懌楳 /blog/points/naka/higata-sitefishing/index.html (+8ms)
00:47:46   笏懌楳 /blog/points/naka/konankoukou/index.html (+7ms)
00:47:46   笏懌楳 /blog/points/naka/matsumigaura/index.html (+8ms)
00:47:46   笏懌楳 /blog/points/naka/megaura/index.html (+6ms)
00:47:46   笏懌楳 /blog/points/naka/murakushi-kaisuiyoku/index.html (+6ms)
00:47:46   笏懌楳 /blog/points/naka/murakusi-gardenpark/index.html (+6ms)
00:47:46   笏懌楳 /blog/points/naka/utiyama-kaigan/index.html (+5ms)
00:47:46   笏懌楳 /blog/points/naka/washidukou/index.html (+7ms)
00:47:46   笏懌楳 /blog/points/oku/hotoniks/index.html (+5ms)
00:47:46   笏懌楳 /blog/points/oku/ime/index.html (+5ms)
00:47:46   笏懌楳 /blog/points/oku/inohanako/index.html (+6ms)
00:47:46   笏懌楳 /blog/points/oku/kanzanji/index.html (+5ms)
00:47:46   笏懌楳 /blog/points/oku/kigasunza/index.html (+5ms)
00:47:46   笏懌楳 /blog/points/oku/miyakodagawa/index.html (+5ms)
00:47:46   笏懌楳 /blog/points/oku/sakumekaigan/index.html (+5ms)
00:47:46   笏懌楳 /blog/points/oku/setosuidou/index.html (+6ms)
00:47:46   笏懌楳 /blog/points/oku/syounaiko/index.html (+5ms)
00:47:46   笏懌楳 /blog/points/omote/amihosiba/index.html (+7ms)
00:47:46   笏懌楳 /blog/points/omote/araibenten-umiduripark/index.html (+5ms)
00:47:46   笏懌楳 /blog/points/omote/bentenjimakaihinkouen/index.html (+5ms)
00:47:46   笏懌楳 /blog/points/omote/boatrace-hamanako/index.html (+6ms)
00:47:46   笏懌楳 /blog/points/omote/imagiremaisakatei/index.html (+5ms)
00:47:46   笏懌楳 /blog/points/omote/nagisaen-nakanohima/index.html (+5ms)
00:47:46   笏懌楳 /blog/points/omote/otomeen/index.html (+7ms)
00:47:46   笏懌楳 /blog/points/omote/parkvillege/index.html (+6ms)
00:47:46   笏懌楳 /blog/points/omote/sakuramaru/index.html (+5ms)
00:47:46   笏懌楳 /blog/points/omote/sunaageba/index.html (+6ms)
00:47:46   笏披楳 /blog/tactics-fish-kasago/index.html (+7ms)
00:47:46 笆ｶ src/pages/legal/[...slug].astro
00:47:46   笏懌楳 /legal/privacy/index.html (+13ms)
00:47:46   笏披楳 /legal/terms/index.html (+11ms)
00:47:46 笆ｶ src/pages/projects/index.astro
00:47:46   笏披楳 /projects/index.html (+5ms)
00:47:46 笆ｶ src/pages/projects/[...slug].astro
00:47:46   笏懌楳 /projects/project-1/index.html (+6ms)
00:47:46   笏懌楳 /projects/project-2/index.html (+6ms)
00:47:46   笏懌楳 /projects/project-3/index.html (+7ms)
00:47:46   笏披楳 /projects/project-4/index.html (+5ms)
00:47:46 ﾎｻ src/pages/robots.txt.ts
00:47:46   笏披楳 /robots.txt (+1ms)
00:47:46 ﾎｻ src/pages/rss.xml.ts
00:47:46   笏披楳 /rss.xml (+6ms)
00:47:46 笆ｶ src/pages/search/index.astro
00:47:46   笏披楳 /search/index.html (+10ms)
00:47:46 笆ｶ src/pages/work/index.astro
00:47:46   笏披楳 /work/index.html (+11ms)
00:47:46 笆ｶ src/pages/index.astro
00:47:46   笏披楳 /index.html (+6ms)
00:47:46 笨・Completed in 454ms.

 generating optimized images 
00:47:46   笆ｶ /_astro/sabiki-fishlayer.BS_SFtdU_14CD3c.webp (reused cache entry) (+1ms) (1/4)
00:47:46   笆ｶ /_astro/bachinuke-check.DXDiDcud_Z1sthky.webp (reused cache entry) (+1ms) (2/4)
00:47:46   笆ｶ /_astro/methods.Dk4rue2t_1SUJhC.webp (reused cache entry) (+1ms) (3/4)
00:47:46   笆ｶ /_astro/tackle-theory.7kbel3sH_Z2uttYJ.webp (reused cache entry) (+1ms) (4/4)
00:47:46 笨・Completed in 6ms.

node.exe : Cannot read properti
es of undefined (reading 'reduc
e')
発生場所 C:\Program Files\nodejs\np
x.ps1:29 文字:3
+   & $NODE_EXE $NPX_CLI_JS $ar
gs
+   ~~~~~~~~~~~~~~~~~~~~~~~~~~~
~~
    + CategoryInfo          :  
   NotSpecified: (Cannot read  
   pro...ading 'reduce'):Str   
 ing) [], RemoteException
    + FullyQualifiedErrorId :  
   NativeCommandError
 
  Location:
    C:\Users\sasis\344dev\cho-h
ama\node_modules\@astrojs\sitem
ap\dist\index.js:69:37
  Stack trace:
    at astro:build:done (file:/
//C:/Users/sasis/344dev/cho-ham
a/node_modules/@astrojs/sitemap
/dist/index.js:69:37)
    at async AstroBuilder.build
 (file:///C:/Users/sasis/344dev
/cho-hama/node_modules/astro/di
st/core/build/index.js:159:5)
    at async build (file:///C:/
Users/sasis/344dev/cho-hama/nod
e_modules/astro/dist/core/build
/index.js:51:3)
    at async runCommand (file:/
//C:/Users/sasis/344dev/cho-ham
a/node_modules/astro/dist/cli/i
ndex.js:147:7)
